\BOOKMARK [1][-]{section.1}{\376\377\0002\000.\000\040\000B\000A\000S\000I\000C\000\040\000A\000n\000a\000l\000y\000s\000i\000s}{}% 1
\BOOKMARK [2][-]{subsection.1.1}{\376\377\000A\000.\000\051\000\040\000C\000o\000m\000m\000u\000n\000i\000c\000a\000t\000i\000o\000n\000\040\000S\000k\000i\000l\000l\000s\000\040\000A\000n\000a\000l\000y\000s\000i\000s}{section.1}% 2
\BOOKMARK [2][-]{subsection.1.2}{\376\377\000B\000.\000\051\000\040\000E\000m\000o\000t\000i\000o\000n\000a\000l\000\040\000S\000t\000a\000t\000e\000\040\000a\000n\000d\000\040\000B\000o\000d\000y\000\040\000L\000a\000n\000g\000u\000a\000g\000e\000\040\000A\000n\000a\000l\000y\000s\000i\000s}{section.1}% 3
\BOOKMARK [1][-]{section.2}{\376\377\0007\000.\000\040\000C\000a\000n\000d\000i\000d\000a\000t\000e\000\040\000E\000v\000a\000l\000u\000a\000t\000i\000o\000n\000\040\000F\000r\000a\000m\000e\000w\000o\000r\000k\000\040\000E\000x\000p\000l\000a\000n\000a\000t\000i\000o\000n}{}% 4
\BOOKMARK [2][-]{subsection.2.1}{\376\377\000O\000v\000e\000r\000v\000i\000e\000w}{section.2}% 5
\BOOKMARK [2][-]{subsection.2.2}{\376\377\000S\000c\000o\000r\000e\000\040\000C\000a\000l\000c\000u\000l\000a\000t\000i\000o\000n\000\040\000F\000u\000n\000c\000t\000i\000o\000n\000s}{section.2}% 6
\BOOKMARK [3][-]{subsubsection.2.2.1}{\376\377\000C\000o\000m\000m\000u\000n\000i\000c\000a\000t\000i\000o\000n\000\040\000S\000c\000o\000r\000e}{subsection.2.2}% 7
\BOOKMARK [3][-]{subsubsection.2.2.2}{\376\377\000B\000o\000d\000y\000\040\000L\000a\000n\000g\000u\000a\000g\000e\000\040\000S\000c\000o\000r\000e}{subsection.2.2}% 8
\BOOKMARK [3][-]{subsubsection.2.2.3}{\376\377\000C\000o\000n\000f\000i\000d\000e\000n\000c\000e\000\040\000a\000n\000d\000\040\000E\000n\000t\000h\000u\000s\000i\000a\000s\000m\000\040\000S\000c\000o\000r\000e}{subsection.2.2}% 9
\BOOKMARK [3][-]{subsubsection.2.2.4}{\376\377\000E\000m\000o\000t\000i\000o\000n\000a\000l\000\040\000I\000n\000t\000e\000l\000l\000i\000g\000e\000n\000c\000e\000\040\000S\000c\000o\000r\000e}{subsection.2.2}% 10
\BOOKMARK [3][-]{subsubsection.2.2.5}{\376\377\000C\000o\000m\000p\000o\000s\000u\000r\000e\000\040\000S\000c\000o\000r\000e}{subsection.2.2}% 11
\BOOKMARK [2][-]{subsection.2.3}{\376\377\000F\000i\000t\000n\000e\000s\000s\000\040\000C\000a\000t\000e\000g\000o\000r\000i\000z\000a\000t\000i\000o\000n}{section.2}% 12
\BOOKMARK [2][-]{subsection.2.4}{\376\377\000M\000a\000i\000n\000\040\000A\000n\000a\000l\000y\000s\000i\000s\000\040\000F\000u\000n\000c\000t\000i\000o\000n}{section.2}% 13
\BOOKMARK [2][-]{subsection.2.5}{\376\377\000D\000a\000t\000a\000\040\000P\000r\000o\000c\000e\000s\000s\000i\000n\000g\000\040\000a\000n\000d\000\040\000R\000e\000s\000u\000l\000t\000\040\000P\000r\000e\000s\000e\000n\000t\000a\000t\000i\000o\000n}{section.2}% 14
\BOOKMARK [1][-]{section.3}{\376\377\000R\000a\000n\000k\000i\000n\000g\000\040\000o\000f\000\040\000S\000t\000u\000d\000e\000n\000t\000s\000\040\000a\000n\000d\000\040\000F\000i\000t\000\040\000o\000r\000\040\000N\000o\000t}{}% 15
\BOOKMARK [2][-]{subsection.3.1}{\376\377\000C\000a\000n\000d\000i\000d\000a\000t\000e\000\040\000E\000v\000a\000l\000u\000a\000t\000i\000o\000n\000\040\000S\000u\000m\000m\000a\000r\000y}{section.3}% 16
\BOOKMARK [1][-]{section.4}{\376\377\000D\000e\000t\000a\000i\000l\000e\000d\000\040\000C\000a\000n\000d\000i\000d\000a\000t\000e\000\040\000E\000v\000a\000l\000u\000a\000t\000i\000o\000n\000s}{}% 17
\BOOKMARK [2][-]{subsection.4.1}{\376\377\000F\000i\000t\000\040\000f\000o\000r\000\040\000R\000o\000l\000e\000\040\000C\000a\000n\000d\000i\000d\000a\000t\000e\000s}{section.4}% 18
\BOOKMARK [3][-]{subsubsection.4.1.1}{\376\377\000C\000a\000n\000d\000i\000d\000a\000t\000e\000\040\000I\000D\000:\000\040\0009\0002\0000\0001\0006\0009\0009\0005\000-\000e\0004\0005\0005\000-\0004\0006\0005\0001\000-\0009\000f\0006\000e\000-\000f\000b\000c\000a\0000\000d\0004\0002\0003\000f\0002\0001}{subsection.4.1}% 19
\BOOKMARK [3][-]{subsubsection.4.1.2}{\376\377\000C\000a\000n\000d\000i\000d\000a\000t\000e\000\040\000I\000D\000:\000\040\000b\000a\000a\0002\0006\0008\0009\0005\000-\0008\0005\000b\0002\000-\0004\0006\0005\000b\000-\000a\0009\0007\0002\000-\0006\0004\0009\000b\0004\0001\000d\0009\0008\0007\0000\000e}{subsection.4.1}% 20
\BOOKMARK [3][-]{subsubsection.4.1.3}{\376\377\000C\000a\000n\000d\000i\000d\000a\000t\000e\000\040\000I\000D\000:\000\040\000d\000f\000b\0000\000d\0007\0004\0006\000-\0006\0000\0009\000f\000-\0004\000d\000a\000c\000-\0008\000e\0001\000d\000-\000c\0000\0003\0002\0005\000f\000b\0006\0004\0003\0009\0004}{subsection.4.1}% 21
\BOOKMARK [3][-]{subsubsection.4.1.4}{\376\377\000C\000a\000n\000d\000i\000d\000a\000t\000e\000\040\000I\000D\000:\000\040\0009\000c\0003\0005\0000\0003\0004\0003\000-\000e\0008\0009\0005\000-\0004\0009\000d\000f\000-\000a\000f\0009\0000\000-\000d\0005\0000\000b\0009\0001\000d\0001\0009\000d\0003\000e}{subsection.4.1}% 22
\BOOKMARK [2][-]{subsection.4.2}{\376\377\000O\000k\000a\000y\000\040\000F\000i\000t\000\040\000f\000o\000r\000\040\000R\000o\000l\000e\000\040\000C\000a\000n\000d\000i\000d\000a\000t\000e\000s}{section.4}% 23
\BOOKMARK [3][-]{subsubsection.4.2.1}{\376\377\000C\000a\000n\000d\000i\000d\000a\000t\000e\000\040\000I\000D\000:\000\040\0009\0003\0006\0006\0003\000f\0009\0004\000-\000b\000f\0000\000a\000-\0004\000c\000e\0008\000-\000a\0002\0009\000a\000-\000a\0005\0002\0003\0006\000c\000c\0007\000f\000e\0006\000a}{subsection.4.2}% 24
\BOOKMARK [3][-]{subsubsection.4.2.2}{\376\377\000C\000a\000n\000d\000i\000d\000a\000t\000e\000\040\000I\000D\000:\000\040\0008\0001\0003\000a\000f\0004\0002\0004\000-\000a\0005\0008\0004\000-\0004\0004\0001\0007\000-\000b\0007\000e\000e\000-\0000\000d\0004\000c\0007\0000\0005\000e\0008\0003\000c\0009}{subsection.4.2}% 25
\BOOKMARK [2][-]{subsection.4.3}{\376\377\000N\000o\000t\000\040\000F\000i\000t\000\040\000C\000a\000n\000d\000i\000d\000a\000t\000e\000s}{section.4}% 26
\BOOKMARK [3][-]{subsubsection.4.3.1}{\376\377\000C\000a\000n\000d\000i\000d\000a\000t\000e\000\040\000I\000D\000:\000\040\0006\000b\0000\0003\0008\0006\000f\000c\000-\0004\0001\000d\000e\000-\0004\0001\0009\0006\000-\000b\0000\000d\0006\000-\0003\000d\0000\000b\0008\0001\0005\000c\0002\000d\000b\000c}{subsection.4.3}% 27
\BOOKMARK [3][-]{subsubsection.4.3.2}{\376\377\000C\000a\000n\000d\000i\000d\000a\000t\000e\000\040\000I\000D\000:\000\040\000d\0000\000b\0009\0001\0007\0000\000b\000-\0009\0008\000b\0009\000-\0004\0008\000e\0001\000-\000a\0001\000b\0002\000-\0001\000d\0006\0006\0001\000b\000b\0000\000d\0008\0005\0003}{subsection.4.3}% 28
\BOOKMARK [3][-]{subsubsection.4.3.3}{\376\377\000C\000a\000n\000d\000i\000d\000a\000t\000e\000\040\000I\000D\000:\000\040\0006\0005\0003\0009\0003\0007\0000\000c\000-\0002\0005\0006\000e\000-\0004\000e\000d\0002\000-\0009\000d\0000\0000\000-\0001\000b\000e\0001\000f\0000\0005\0001\0001\0006\0003\000f}{subsection.4.3}% 29
\BOOKMARK [3][-]{subsubsection.4.3.4}{\376\377\000C\000a\000n\000d\000i\000d\000a\000t\000e\000\040\000I\000D\000:\000\040\0008\0003\000c\0002\0000\000b\0008\0003\000-\0007\0008\0008\0001\000-\0004\0009\0009\000d\000-\000a\0004\0000\000d\000-\000c\000c\0000\0006\000b\0006\0005\0008\0006\0009\000f\0008}{subsection.4.3}% 30
