\BOOKMARK [1][-]{section.1}{\376\377\0001\000.\000\040\000I\000n\000t\000r\000o\000d\000u\000c\000t\000i\000o\000n}{}% 1
\BOOKMARK [1][-]{section.2}{\376\377\0002\000.\000\040\000D\000a\000t\000a\000\040\000O\000v\000e\000r\000v\000i\000e\000w}{}% 2
\BOOKMARK [2][-]{subsection.2.1}{\376\377\000E\000m\000o\000t\000i\000o\000n\000\040\000D\000a\000t\000a\000\040\000O\000v\000e\000r\000v\000i\000e\000w}{section.2}% 3
\BOOKMARK [2][-]{subsection.2.2}{\376\377\000S\000t\000r\000u\000c\000t\000u\000r\000e\000\040\000o\000f\000\040\000G\000a\000z\000e\000\040\000D\000a\000t\000a}{section.2}% 4
\BOOKMARK [2][-]{subsection.2.3}{\376\377\000T\000r\000a\000n\000s\000c\000r\000i\000p\000t\000\040\000D\000a\000t\000a\000\040\000S\000a\000m\000p\000l\000e}{section.2}% 5
\BOOKMARK [2][-]{subsection.2.4}{\376\377\000B\000a\000s\000i\000c\000\040\000S\000t\000a\000t\000i\000s\000t\000i\000c\000s}{section.2}% 6
\BOOKMARK [1][-]{section.3}{\376\377\0003\000.\000\040\000D\000a\000t\000a\000\040\000P\000r\000e\000p\000a\000r\000a\000t\000i\000o\000n\000\040\000a\000n\000d\000\040\000I\000n\000t\000e\000g\000r\000a\000t\000i\000o\000n}{}% 7
\BOOKMARK [1][-]{section.4}{\376\377\0004\000.\000\040\000D\000a\000t\000a\000\040\000P\000r\000e\000p\000r\000o\000c\000e\000s\000s\000i\000n\000g}{}% 8
\BOOKMARK [1][-]{section.5}{\376\377\0005\000.\000\040\000A\000d\000v\000a\000n\000c\000e\000d\000\040\000A\000n\000a\000l\000y\000s\000i\000s}{}% 9
\BOOKMARK [2][-]{subsection.5.1}{\376\377\000A\000.\000\051\000\040\000C\000o\000m\000m\000u\000n\000i\000c\000a\000t\000i\000o\000n\000\040\000S\000k\000i\000l\000l\000s\000\040\000A\000n\000a\000l\000y\000s\000i\000s}{section.5}% 10
\BOOKMARK [2][-]{subsection.5.2}{\376\377\000B\000.\000\051\000\040\000E\000m\000o\000t\000i\000o\000n\000a\000l\000\040\000S\000t\000a\000t\000e\000\040\000a\000n\000d\000\040\000B\000o\000d\000y\000\040\000L\000a\000n\000g\000u\000a\000g\000e\000\040\000A\000n\000a\000l\000y\000s\000i\000s}{section.5}% 11
\BOOKMARK [1][-]{section.6}{\376\377\0006\000.\000\040\000C\000a\000n\000d\000i\000d\000a\000t\000e\000\040\000E\000v\000a\000l\000u\000a\000t\000i\000o\000n\000\040\000F\000r\000a\000m\000e\000w\000o\000r\000k\000\040\000E\000x\000p\000l\000a\000n\000a\000t\000i\000o\000n}{}% 12
\BOOKMARK [2][-]{subsection.6.1}{\376\377\000O\000v\000e\000r\000v\000i\000e\000w}{section.6}% 13
\BOOKMARK [2][-]{subsection.6.2}{\376\377\000S\000c\000o\000r\000e\000\040\000C\000a\000l\000c\000u\000l\000a\000t\000i\000o\000n\000\040\000F\000u\000n\000c\000t\000i\000o\000n\000s}{section.6}% 14
\BOOKMARK [3][-]{subsubsection.6.2.1}{\376\377\000C\000o\000m\000m\000u\000n\000i\000c\000a\000t\000i\000o\000n\000\040\000S\000c\000o\000r\000e}{subsection.6.2}% 15
\BOOKMARK [3][-]{subsubsection.6.2.2}{\376\377\000B\000o\000d\000y\000\040\000L\000a\000n\000g\000u\000a\000g\000e\000\040\000S\000c\000o\000r\000e}{subsection.6.2}% 16
\BOOKMARK [3][-]{subsubsection.6.2.3}{\376\377\000C\000o\000n\000f\000i\000d\000e\000n\000c\000e\000\040\000a\000n\000d\000\040\000E\000n\000t\000h\000u\000s\000i\000a\000s\000m\000\040\000S\000c\000o\000r\000e}{subsection.6.2}% 17
\BOOKMARK [3][-]{subsubsection.6.2.4}{\376\377\000E\000m\000o\000t\000i\000o\000n\000a\000l\000\040\000I\000n\000t\000e\000l\000l\000i\000g\000e\000n\000c\000e\000\040\000S\000c\000o\000r\000e}{subsection.6.2}% 18
\BOOKMARK [3][-]{subsubsection.6.2.5}{\376\377\000C\000o\000m\000p\000o\000s\000u\000r\000e\000\040\000S\000c\000o\000r\000e}{subsection.6.2}% 19
\BOOKMARK [2][-]{subsection.6.3}{\376\377\000F\000i\000t\000n\000e\000s\000s\000\040\000C\000a\000t\000e\000g\000o\000r\000i\000z\000a\000t\000i\000o\000n}{section.6}% 20
\BOOKMARK [2][-]{subsection.6.4}{\376\377\000M\000a\000i\000n\000\040\000A\000n\000a\000l\000y\000s\000i\000s\000\040\000F\000u\000n\000c\000t\000i\000o\000n}{section.6}% 21
\BOOKMARK [2][-]{subsection.6.5}{\376\377\000D\000a\000t\000a\000\040\000P\000r\000o\000c\000e\000s\000s\000i\000n\000g\000\040\000a\000n\000d\000\040\000R\000e\000s\000u\000l\000t\000\040\000P\000r\000e\000s\000e\000n\000t\000a\000t\000i\000o\000n}{section.6}% 22
\BOOKMARK [2][-]{subsection.6.6}{\376\377\000C\000o\000n\000c\000l\000u\000s\000i\000o\000n}{section.6}% 23
\BOOKMARK [1][-]{section.7}{\376\377\0007\000.\000\040\000R\000a\000n\000k\000i\000n\000g\000\040\000o\000f\000\040\000S\000t\000u\000d\000e\000n\000t\000s\000\040\000a\000n\000d\000\040\000F\000i\000t\000\040\000o\000r\000\040\000N\000o\000t}{}% 24
\BOOKMARK [1][-]{section.8}{\376\377\0008\000.\000\040\000C\000a\000n\000d\000i\000d\000a\000t\000e\000\040\000E\000v\000a\000l\000u\000a\000t\000i\000o\000n\000\040\000S\000u\000m\000m\000a\000r\000y}{}% 25
\BOOKMARK [2][-]{subsubsection.8.0.1}{\376\377\000R\000O\000W\000\040\000I\000D\000:\000\040\0006\000\040}{section.8}% 26
\BOOKMARK [3][-]{subsubsection.8.0.2}{\376\377\000R\000O\000W\000\040\000I\000D\000:\000\040\0002\000\040}{subsubsection.8.0.1}% 27
\BOOKMARK [3][-]{subsubsection.8.0.3}{\376\377\000R\000O\000W\000\040\000I\000D\000:\000\040\0009\000\040}{subsubsection.8.0.1}% 28
\BOOKMARK [3][-]{subsubsection.8.0.4}{\376\377\000R\000O\000W\000\040\000I\000D\000:\000\040\0005\000\040}{subsubsection.8.0.1}% 29
\BOOKMARK [2][-]{subsection.8.1}{\376\377\000O\000k\000a\000y\000\040\000F\000i\000t\000\040\000f\000o\000r\000\040\000R\000o\000l\000e\000\040\000C\000a\000n\000d\000i\000d\000a\000t\000e\000s}{section.8}% 30
\BOOKMARK [3][-]{subsubsection.8.1.1}{\376\377\000R\000o\000w\000\040\000I\000D\000:\000\040\0001}{subsection.8.1}% 31
\BOOKMARK [3][-]{subsubsection.8.1.2}{\376\377\000R\000o\000w\000\040\000I\000D\000:\000\040\0008}{subsection.8.1}% 32
\BOOKMARK [2][-]{subsection.8.2}{\376\377\000N\000o\000t\000\040\000F\000i\000t\000\040\000C\000a\000n\000d\000i\000d\000a\000t\000e\000s}{section.8}% 33
\BOOKMARK [3][-]{subsubsection.8.2.1}{\376\377\000R\000o\000w\000\040\000I\000D\000:\000\040\0004}{subsection.8.2}% 34
\BOOKMARK [3][-]{subsubsection.8.2.2}{\376\377\000R\000o\000w\000\040\000I\000D\000:\000\040\0003}{subsection.8.2}% 35
\BOOKMARK [3][-]{subsubsection.8.2.3}{\376\377\000R\000o\000w\000\040\000I\000D\000:\000\040\0007}{subsection.8.2}% 36
\BOOKMARK [3][-]{subsubsection.8.2.4}{\376\377\000R\000o\000w\000\040\000I\000D\000:\000\040\0001\0000}{subsection.8.2}% 37
\BOOKMARK [1][-]{section.9}{\376\377\0009\000.\000D\000e\000t\000a\000i\000l\000e\000d\000\040\000I\000n\000d\000i\000v\000i\000d\000u\000a\000l\000\040\000S\000t\000u\000d\000e\000n\000t\000\040\000A\000n\000a\000l\000y\000s\000i\000s}{}% 38
\BOOKMARK [2][-]{subsection.9.1}{\376\377\000S\000t\000u\000d\000e\000n\000t\000\040\0001}{section.9}% 39
\BOOKMARK [2][-]{subsection.9.2}{\376\377\000S\000t\000u\000d\000e\000n\000t\000\040\0002}{section.9}% 40
\BOOKMARK [2][-]{subsection.9.3}{\376\377\000S\000t\000u\000d\000e\000n\000t\000\040\0003}{section.9}% 41
\BOOKMARK [2][-]{subsection.9.4}{\376\377\000S\000t\000u\000d\000e\000n\000t\000\040\0004}{section.9}% 42
\BOOKMARK [2][-]{subsection.9.5}{\376\377\000S\000t\000u\000d\000e\000n\000t\000\040\0005}{section.9}% 43
\BOOKMARK [2][-]{subsection.9.6}{\376\377\000S\000t\000u\000d\000e\000n\000t\000\040\0006}{section.9}% 44
\BOOKMARK [2][-]{subsection.9.7}{\376\377\000S\000t\000u\000d\000e\000n\000t\000\040\0007}{section.9}% 45
\BOOKMARK [2][-]{subsection.9.8}{\376\377\000S\000t\000u\000d\000e\000n\000t\000\040\0008}{section.9}% 46
\BOOKMARK [2][-]{subsection.9.9}{\376\377\000S\000t\000u\000d\000e\000n\000t\000\040\0009}{section.9}% 47
\BOOKMARK [2][-]{subsection.9.10}{\376\377\000S\000t\000u\000d\000e\000n\000t\000\040\0001\0000}{section.9}% 48
\BOOKMARK [1][-]{section.10}{\376\377\000C\000o\000n\000c\000l\000u\000s\000i\000o\000n}{}% 49
\BOOKMARK [1][-]{section.11}{\376\377\000F\000u\000t\000u\000r\000e\000\040\000W\000o\000r\000k}{}% 50
